<?xml version="1.0" encoding="UTF-8"?>
<!-- Generated by org.testng.reporters.JUnitXMLReporter -->
<testsuite ignored="0" hostname="NARASIMHA" failures="0" tests="3" name="Test" time="64.532" errors="0" timestamp="2023-08-02T21:10:23 IST">
  <testcase classname="com.anz.testcases.UserInfo" name="getAmountwithProperDetails" time="15.201"/>
  <testcase classname="com.anz.testcases.UserInfo" name="startOverthePage" time="2.468"/>
  <testcase classname="com.anz.testcases.UserInfo" name="getErrorMsg" time="7.889"/>
</testsuite> <!-- Test -->
