<?xml version="1.0" encoding="UTF-8"?>
<testng-results ignored="0" total="3" passed="3" failed="0" skipped="0">
  <reporter-output>
  </reporter-output>
  <suite started-at="2023-08-02T21:09:18 IST" name="Suite" finished-at="2023-08-02T21:10:23 IST" duration-ms="64532">
    <groups>
    </groups>
    <test started-at="2023-08-02T21:09:18 IST" name="Test" finished-at="2023-08-02T21:10:23 IST" duration-ms="64532">
      <class name="com.anz.testcases.UserInfo">
        <test-method is-config="true" signature="openANZpage()[pri:0, instance:com.anz.testcases.UserInfo@2a54a73f]" started-at="2023-08-02T21:09:18 IST" name="openANZpage" finished-at="2023-08-02T21:09:51 IST" duration-ms="33101" status="PASS">
          <reporter-output>
          </reporter-output>
        </test-method> <!-- openANZpage -->
        <test-method signature="getAmountwithProperDetails()[pri:0, instance:com.anz.testcases.UserInfo@2a54a73f]" started-at="2023-08-02T21:09:51 IST" name="getAmountwithProperDetails" finished-at="2023-08-02T21:10:07 IST" duration-ms="15201" status="PASS">
          <reporter-output>
          </reporter-output>
        </test-method> <!-- getAmountwithProperDetails -->
        <test-method signature="startOverthePage()[pri:0, instance:com.anz.testcases.UserInfo@2a54a73f]" started-at="2023-08-02T21:10:07 IST" name="startOverthePage" finished-at="2023-08-02T21:10:09 IST" duration-ms="2468" status="PASS">
          <reporter-output>
          </reporter-output>
        </test-method> <!-- startOverthePage -->
        <test-method signature="getErrorMsg()[pri:0, instance:com.anz.testcases.UserInfo@2a54a73f]" started-at="2023-08-02T21:10:09 IST" name="getErrorMsg" finished-at="2023-08-02T21:10:17 IST" duration-ms="7889" status="PASS">
          <reporter-output>
          </reporter-output>
        </test-method> <!-- getErrorMsg -->
        <test-method is-config="true" signature="closePage()[pri:0, instance:com.anz.testcases.UserInfo@2a54a73f]" started-at="2023-08-02T21:10:17 IST" name="closePage" finished-at="2023-08-02T21:10:23 IST" duration-ms="5793" status="PASS">
          <reporter-output>
          </reporter-output>
        </test-method> <!-- closePage -->
      </class> <!-- com.anz.testcases.UserInfo -->
    </test> <!-- Test -->
  </suite> <!-- Suite -->
</testng-results>
